{"C:\\Users\\Hassaan Baig\\Desktop\\Microverse\\Week 10\\Partner test\\javascript-capstone\\src\\modules\\reservation\\counter.js": {"path":"C:\\Users\\Hassaan Baig\\Desktop\\Microverse\\Week 10\\Partner test\\javascript-capstone\\src\\modules\\reservation\\counter.js","statementMap":{"0":{"start":{"line":1,"column":20},"end":{"line":5,"column":1}},"1":{"start":{"line":2,"column":16},"end":{"line":2,"column":48}},"2":{"start":{"line":3,"column":2},"end":{"line":3,"column":37}},"3":{"start":{"line":4,"column":2},"end":{"line":4,"column":15}}},"fnMap":{"0":{"name":"(anonymous_0)","decl":{"start":{"line":1,"column":20},"end":{"line":1,"column":21}},"loc":{"start":{"line":1,"column":58},"end":{"line":5,"column":1}},"line":1}},"branchMap":{},"s":{"0":1,"1":2,"2":2,"3":2},"f":{"0":2},"b":{},"_coverageSchema":"1a1c01bbd47fc00a2c39e90264f33305004495a9","hash":"6cb8e2611f0c6d8b54927ec5c4094585ab177f66"}
}
